<?xml version="1.0" encoding="UTF-8"?>
<testng-results ignored="0" total="1" passed="1" failed="0" skipped="0">
  <reporter-output>
  </reporter-output>
  <suite started-at="2024-07-25T17:05:41Z" name="Default suite" finished-at="2024-07-25T17:06:00Z" duration-ms="19311">
    <groups>
    </groups>
    <test started-at="2024-07-25T17:05:41Z" name="Default test" finished-at="2024-07-25T17:06:00Z" duration-ms="19311">
      <class name="com.sampleproject.testcases.TC01_GETRequest">
        <test-method is-config="true" signature="startReport()[pri:0, instance:com.sampleproject.testcases.TC01_GETRequest@740773a3]" started-at="2024-07-25T17:05:40Z" name="startReport" finished-at="2024-07-25T17:05:41Z" duration-ms="870" status="PASS">
          <reporter-output>
          </reporter-output>
        </test-method> <!-- startReport -->
        <test-method is-config="true" signature="startTest()[pri:0, instance:com.sampleproject.testcases.TC01_GETRequest@740773a3]" started-at="2024-07-25T17:05:41Z" name="startTest" finished-at="2024-07-25T17:05:41Z" duration-ms="1" status="PASS">
          <reporter-output>
          </reporter-output>
        </test-method> <!-- startTest -->
        <test-method is-config="true" signature="report()[pri:0, instance:com.sampleproject.testcases.TC01_GETRequest@740773a3]" started-at="2024-07-25T17:05:41Z" name="report" finished-at="2024-07-25T17:05:41Z" duration-ms="20" status="PASS">
          <reporter-output>
          </reporter-output>
        </test-method> <!-- report -->
        <test-method signature="getEmployeeDetails(java.lang.String, java.lang.String)[pri:0, instance:com.sampleproject.testcases.TC01_GETRequest@740773a3]" started-at="2024-07-25T17:05:44Z" name="getEmployeeDetails" data-provider="fetchData" finished-at="2024-07-25T17:06:00Z" duration-ms="16271" status="PASS">
          <params>
            <param index="0">
              <value>
                <![CDATA[https://reqres.in/api/users]]>
              </value>
            </param>
            <param index="1">
              <value>
                <![CDATA[1]]>
              </value>
            </param>
          </params>
          <reporter-output>
          </reporter-output>
        </test-method> <!-- getEmployeeDetails -->
        <test-method is-config="true" signature="stopReport()[pri:0, instance:com.sampleproject.testcases.TC01_GETRequest@740773a3]" started-at="2024-07-25T17:06:01Z" name="stopReport" finished-at="2024-07-25T17:06:03Z" duration-ms="2411" status="PASS">
          <reporter-output>
          </reporter-output>
        </test-method> <!-- stopReport -->
      </class> <!-- com.sampleproject.testcases.TC01_GETRequest -->
    </test> <!-- Default test -->
  </suite> <!-- Default suite -->
</testng-results>
